\BOOKMARK [0][-]{chapter*.2}{\376\377\000A\000b\000s\000t\000r\000a\000c\000t}{}% 1
\BOOKMARK [0][-]{chapter*.3}{\376\377\000A\000c\000k\000n\000o\000w\000l\000e\000d\000g\000e\000m\000e\000n\000t}{}% 2
\BOOKMARK [0][-]{chapter*.4}{\376\377\000L\000i\000s\000t\000\040\000o\000f\000\040\000S\000y\000m\000b\000o\000l\000s\000\040\000a\000n\000d\000\040\000A\000b\000b\000r\000e\000v\000i\000a\000t\000i\000o\000n\000s}{}% 3
\BOOKMARK [0][-]{chapter*.5}{\376\377\000C\000o\000n\000t\000e\000n\000t\000s}{}% 4
\BOOKMARK [0][-]{chapter*.6}{\376\377\000L\000i\000s\000t\000\040\000o\000f\000\040\000F\000i\000g\000u\000r\000e\000s}{}% 5
\BOOKMARK [0][-]{chapter*.7}{\376\377\000L\000i\000s\000t\000\040\000o\000f\000\040\000T\000a\000b\000l\000e\000s}{}% 6
\BOOKMARK [0][-]{chapter.1}{\376\377\000I\000n\000t\000r\000o\000d\000u\000c\000t\000i\000o\000n}{}% 7
\BOOKMARK [1][-]{section.1.1}{\376\377\000P\000r\000o\000j\000e\000c\000t\000\040\000D\000e\000f\000i\000n\000i\000t\000i\000o\000n}{chapter.1}% 8
\BOOKMARK [1][-]{section.1.2}{\376\377\000P\000r\000o\000j\000e\000c\000t\000\040\000A\000i\000m\000s}{chapter.1}% 9
\BOOKMARK [0][-]{chapter.2}{\376\377\000P\000r\000o\000j\000e\000c\000t\000\040\000D\000e\000t\000a\000i\000l\000s}{}% 10
\BOOKMARK [1][-]{section.2.1}{\376\377\000U\000I\000/\000U\000X\000\040\000D\000e\000s\000i\000g\000n}{chapter.2}% 11
\BOOKMARK [2][-]{subsection.2.1.1}{\376\377\000I\000n\000i\000t\000i\000a\000l\000\040\000S\000e\000s\000s\000i\000o\000n\000\040\000S\000t\000a\000r\000t}{section.2.1}% 12
\BOOKMARK [2][-]{subsection.2.1.2}{\376\377\000O\000b\000j\000e\000c\000t\000\040\000S\000e\000l\000e\000c\000t\000i\000o\000n\000\040\000M\000e\000n\000u}{section.2.1}% 13
\BOOKMARK [2][-]{subsection.2.1.3}{\376\377\000I\000n\000i\000t\000i\000a\000l\000\040\000O\000b\000j\000e\000c\000t\000\040\000P\000l\000a\000c\000e\000m\000e\000n\000t}{section.2.1}% 14
\BOOKMARK [2][-]{subsection.2.1.4}{\376\377\000O\000b\000j\000e\000c\000t\000\040\000I\000n\000t\000e\000r\000a\000c\000t\000i\000o\000n\000\040\000V\000i\000e\000w}{section.2.1}% 15
\BOOKMARK [2][-]{subsection.2.1.5}{\376\377\000I\000n\000s\000p\000e\000c\000t\000i\000o\000n\000\040\000D\000e\000t\000a\000i\000l\000\040\000V\000i\000e\000w}{section.2.1}% 16
\BOOKMARK [2][-]{subsection.2.1.6}{\376\377\000A\000n\000n\000o\000t\000a\000t\000i\000o\000n\000\040\000V\000i\000e\000w\000s}{section.2.1}% 17
\BOOKMARK [3][-]{subsubsection.2.1.6.1}{\376\377\000A\000n\000n\000o\000t\000a\000t\000i\000o\000n\000\040\000C\000a\000r\000d\000\040\000D\000e\000s\000i\000g\000n\000\040\000a\000n\000d\000\040\000B\000e\000h\000a\000v\000i\000o\000r}{subsection.2.1.6}% 18
\BOOKMARK [3][-]{subsubsection.2.1.6.2}{\376\377\000F\000o\000c\000u\000s\000e\000d\000\040\000A\000n\000n\000o\000t\000a\000t\000i\000o\000n\000\040\000M\000o\000d\000e}{subsection.2.1.6}% 19
\BOOKMARK [1][-]{section.2.2}{\376\377\000M\000o\000d\000e\000l\000\040\000A\000l\000i\000g\000n\000m\000e\000n\000t\000\040\000a\000n\000d\000\040\000O\000b\000j\000e\000c\000t\000\040\000T\000r\000a\000c\000k\000i\000n\000g}{chapter.2}% 20
\BOOKMARK [2][-]{subsection.2.2.1}{\376\377\000I\000n\000i\000t\000i\000a\000l\000\040\000P\000l\000a\000c\000e\000m\000e\000n\000t}{section.2.2}% 21
\BOOKMARK [2][-]{subsection.2.2.2}{\376\377\000R\000e\000p\000l\000a\000c\000e\000m\000e\000n\000t}{section.2.2}% 22
\BOOKMARK [2][-]{subsection.2.2.3}{\376\377\000O\000b\000j\000e\000c\000t\000\040\000T\000r\000a\000c\000k\000i\000n\000g}{section.2.2}% 23
\BOOKMARK [1][-]{section.2.3}{\376\377\000I\000n\000s\000p\000e\000c\000t\000i\000o\000n}{chapter.2}% 24
\BOOKMARK [2][-]{subsection.2.3.1}{\376\377\000I\000n\000s\000p\000e\000c\000t\000i\000o\000n\000\040\000P\000o\000i\000n\000t\000s}{section.2.3}% 25
\BOOKMARK [2][-]{subsection.2.3.2}{\376\377\000I\000n\000s\000p\000e\000c\000t\000i\000o\000n\000\040\000D\000e\000t\000a\000i\000l\000\040\000V\000i\000e\000w}{section.2.3}% 26
\BOOKMARK [1][-]{section.2.4}{\376\377\000R\000e\000p\000o\000r\000t\000\040\000G\000e\000n\000e\000r\000a\000t\000i\000o\000n}{chapter.2}% 27
\BOOKMARK [2][-]{subsection.2.4.1}{\376\377\000I\000m\000p\000l\000e\000m\000e\000n\000t\000a\000t\000i\000o\000n\000\040\000O\000v\000e\000r\000v\000i\000e\000w}{section.2.4}% 28
\BOOKMARK [2][-]{subsection.2.4.2}{\376\377\000R\000e\000p\000o\000r\000t\000\040\000C\000o\000n\000t\000e\000n\000t}{section.2.4}% 29
\BOOKMARK [2][-]{subsection.2.4.3}{\376\377\000I\000n\000t\000e\000g\000r\000a\000t\000i\000o\000n\000\040\000w\000i\000t\000h\000\040\000A\000p\000p\000l\000e\000\040\000V\000i\000s\000i\000o\000n\000\040\000P\000r\000o}{section.2.4}% 30
\BOOKMARK [1][-]{section.2.5}{\376\377\000U\000s\000e\000\040\000C\000a\000s\000e\000\040\000D\000i\000a\000g\000r\000a\000m}{chapter.2}% 31
\BOOKMARK [0][-]{chapter.3}{\376\377\000C\000o\000n\000c\000l\000u\000s\000i\000o\000n\000\040\000a\000n\000d\000\040\000R\000e\000s\000u\000l\000t\000s}{}% 32
\BOOKMARK [1][-]{section.3.1}{\376\377\000T\000r\000a\000c\000k\000i\000n\000g\000\040\000S\000t\000a\000b\000i\000l\000i\000t\000y}{chapter.3}% 33
\BOOKMARK [1][-]{section.3.2}{\376\377\000A\000n\000n\000o\000t\000a\000t\000i\000o\000n\000\040\000A\000c\000c\000u\000r\000a\000c\000y}{chapter.3}% 34
\BOOKMARK [1][-]{section.3.3}{\376\377\000I\000n\000s\000p\000e\000c\000t\000i\000o\000n\000\040\000C\000o\000m\000p\000l\000e\000t\000i\000o\000n\000\040\000T\000i\000m\000e}{chapter.3}% 35
\BOOKMARK [1][-]{section.3.4}{\376\377\000S\000u\000m\000m\000a\000r\000y\000\040\000o\000f\000\040\000R\000e\000s\000u\000l\000t\000s}{chapter.3}% 36
\BOOKMARK [1][-]{section.3.5}{\376\377\000C\000o\000n\000c\000l\000u\000s\000i\000o\000n}{chapter.3}% 37
\BOOKMARK [2][-]{subsection.3.5.1}{\376\377\000S\000u\000m\000m\000a\000r\000y\000\040\000o\000f\000\040\000A\000c\000h\000i\000e\000v\000e\000m\000e\000n\000t\000s}{section.3.5}% 38
\BOOKMARK [2][-]{subsection.3.5.2}{\376\377\000C\000h\000a\000l\000l\000e\000n\000g\000e\000s\000\040\000a\000n\000d\000\040\000L\000i\000m\000i\000t\000a\000t\000i\000o\000n\000s}{section.3.5}% 39
\BOOKMARK [2][-]{subsection.3.5.3}{\376\377\000F\000u\000t\000u\000r\000e\000\040\000W\000o\000r\000k}{section.3.5}% 40
\BOOKMARK [2][-]{subsection.3.5.4}{\376\377\000F\000i\000n\000a\000l\000\040\000R\000e\000m\000a\000r\000k\000s}{section.3.5}% 41
\BOOKMARK [0][-]{chapter*.28}{\376\377\000C\000o\000n\000t\000r\000i\000b\000u\000t\000i\000o\000n\000s}{}% 42
\BOOKMARK [0][-]{chapter*.29}{\376\377\000R\000e\000f\000e\000r\000e\000n\000c\000e\000s}{}% 43
\BOOKMARK [0][-]{appendix.A}{\376\377\000A\000p\000p\000e\000n\000d\000i\000x}{}% 44
\BOOKMARK [1][-]{section.A.1}{\376\377\000A\000n\000n\000o\000t\000a\000t\000i\000o\000n\000\040\000A\000c\000c\000u\000r\000a\000c\000y\000\040\000T\000e\000s\000t\000\040\000S\000e\000t\000u\000p}{appendix.A}% 45
